1747243807.960577 client started (4662): version 3.5a, socket /tmp/tmux-1000/default, protocol 8
1747243807.960600 on Linux 6.14.5-arch1-1 #1 SMP PREEMPT_DYNAMIC Sat, 03 May 2025 13:34:12 +0000
1747243807.960609 using libevent 2.1.12-stable poll
1747243807.960614 using ncurses 6.5 20240427
1747243807.960642 flags are 0x10010000
1747243807.960655 socket is /tmp/tmux-1000/default
1747243807.960667 trying connect
1747243807.960739 add peer 0x5f7de31dfaa0: 6 ((nil))
1747243807.961109 sending message 111 to peer 0x5f7de31dfaa0 (8 bytes)
1747243807.961118 sending message 111 to peer 0x5f7de31dfaa0 (8 bytes)
1747243807.961123 sending message 101 to peer 0x5f7de31dfaa0 (14 bytes)
1747243807.961127 sending message 109 to peer 0x5f7de31dfaa0 (4 bytes)
1747243807.961132 sending message 102 to peer 0x5f7de31dfaa0 (11 bytes)
1747243807.961136 sending message 108 to peer 0x5f7de31dfaa0 (36 bytes)
1747243807.961141 sending message 112 to peer 0x5f7de31dfaa0 (70 bytes)
1747243807.961145 sending message 112 to peer 0x5f7de31dfaa0 (5 bytes)
1747243807.961150 sending message 112 to peer 0x5f7de31dfaa0 (5 bytes)
1747243807.961154 sending message 112 to peer 0x5f7de31dfaa0 (6 bytes)
1747243807.961158 sending message 112 to peer 0x5f7de31dfaa0 (6 bytes)
1747243807.961163 sending message 112 to peer 0x5f7de31dfaa0 (11 bytes)
1747243807.961167 sending message 112 to peer 0x5f7de31dfaa0 (10 bytes)
1747243807.961171 sending message 112 to peer 0x5f7de31dfaa0 (13 bytes)
1747243807.961175 sending message 112 to peer 0x5f7de31dfaa0 (13 bytes)
1747243807.961180 sending message 112 to peer 0x5f7de31dfaa0 (18 bytes)
1747243807.961184 sending message 112 to peer 0x5f7de31dfaa0 (11 bytes)
1747243807.961188 sending message 112 to peer 0x5f7de31dfaa0 (10 bytes)
1747243807.961193 sending message 112 to peer 0x5f7de31dfaa0 (15 bytes)
1747243807.961197 sending message 112 to peer 0x5f7de31dfaa0 (21 bytes)
1747243807.961201 sending message 112 to peer 0x5f7de31dfaa0 (13 bytes)
1747243807.961206 sending message 112 to peer 0x5f7de31dfaa0 (7 bytes)
1747243807.961210 sending message 112 to peer 0x5f7de31dfaa0 (13 bytes)
1747243807.961214 sending message 112 to peer 0x5f7de31dfaa0 (7 bytes)
1747243807.961218 sending message 112 to peer 0x5f7de31dfaa0 (13 bytes)
1747243807.961223 sending message 112 to peer 0x5f7de31dfaa0 (9 bytes)
1747243807.961227 sending message 112 to peer 0x5f7de31dfaa0 (21 bytes)
1747243807.961231 sending message 112 to peer 0x5f7de31dfaa0 (13 bytes)
1747243807.961236 sending message 112 to peer 0x5f7de31dfaa0 (8 bytes)
1747243807.961240 sending message 112 to peer 0x5f7de31dfaa0 (12 bytes)
1747243807.961244 sending message 112 to peer 0x5f7de31dfaa0 (13 bytes)
1747243807.961248 sending message 112 to peer 0x5f7de31dfaa0 (9 bytes)
1747243807.961253 sending message 112 to peer 0x5f7de31dfaa0 (9 bytes)
1747243807.961257 sending message 112 to peer 0x5f7de31dfaa0 (12 bytes)
1747243807.961261 sending message 112 to peer 0x5f7de31dfaa0 (8 bytes)
1747243807.961265 sending message 112 to peer 0x5f7de31dfaa0 (8 bytes)
1747243807.961270 sending message 112 to peer 0x5f7de31dfaa0 (7 bytes)
1747243807.961274 sending message 112 to peer 0x5f7de31dfaa0 (7 bytes)
1747243807.961278 sending message 112 to peer 0x5f7de31dfaa0 (9 bytes)
1747243807.961283 sending message 112 to peer 0x5f7de31dfaa0 (13 bytes)
1747243807.961287 sending message 112 to peer 0x5f7de31dfaa0 (6 bytes)
1747243807.961291 sending message 112 to peer 0x5f7de31dfaa0 (9 bytes)
1747243807.961295 sending message 112 to peer 0x5f7de31dfaa0 (15 bytes)
1747243807.961300 sending message 112 to peer 0x5f7de31dfaa0 (13 bytes)
1747243807.961304 sending message 112 to peer 0x5f7de31dfaa0 (12 bytes)
1747243807.961308 sending message 112 to peer 0x5f7de31dfaa0 (8 bytes)
1747243807.961312 sending message 112 to peer 0x5f7de31dfaa0 (14 bytes)
1747243807.961317 sending message 112 to peer 0x5f7de31dfaa0 (11 bytes)
1747243807.961321 sending message 112 to peer 0x5f7de31dfaa0 (9 bytes)
1747243807.961325 sending message 112 to peer 0x5f7de31dfaa0 (10 bytes)
1747243807.961330 sending message 112 to peer 0x5f7de31dfaa0 (10 bytes)
1747243807.961339 sending message 112 to peer 0x5f7de31dfaa0 (10 bytes)
1747243807.961347 sending message 112 to peer 0x5f7de31dfaa0 (10 bytes)
1747243807.961351 sending message 112 to peer 0x5f7de31dfaa0 (11 bytes)
1747243807.961356 sending message 112 to peer 0x5f7de31dfaa0 (12 bytes)
1747243807.961360 sending message 112 to peer 0x5f7de31dfaa0 (12 bytes)
1747243807.961364 sending message 112 to peer 0x5f7de31dfaa0 (12 bytes)
1747243807.961369 sending message 112 to peer 0x5f7de31dfaa0 (12 bytes)
1747243807.961373 sending message 112 to peer 0x5f7de31dfaa0 (12 bytes)
1747243807.961377 sending message 112 to peer 0x5f7de31dfaa0 (11 bytes)
1747243807.961382 sending message 112 to peer 0x5f7de31dfaa0 (11 bytes)
1747243807.961386 sending message 112 to peer 0x5f7de31dfaa0 (12 bytes)
1747243807.961391 sending message 112 to peer 0x5f7de31dfaa0 (12 bytes)
1747243807.961395 sending message 112 to peer 0x5f7de31dfaa0 (12 bytes)
1747243807.961399 sending message 112 to peer 0x5f7de31dfaa0 (12 bytes)
1747243807.961403 sending message 112 to peer 0x5f7de31dfaa0 (12 bytes)
1747243807.961408 sending message 112 to peer 0x5f7de31dfaa0 (10 bytes)
1747243807.961412 sending message 112 to peer 0x5f7de31dfaa0 (12 bytes)
1747243807.961416 sending message 112 to peer 0x5f7de31dfaa0 (13 bytes)
1747243807.961421 sending message 112 to peer 0x5f7de31dfaa0 (13 bytes)
1747243807.961425 sending message 112 to peer 0x5f7de31dfaa0 (13 bytes)
1747243807.961429 sending message 112 to peer 0x5f7de31dfaa0 (13 bytes)
1747243807.961434 sending message 112 to peer 0x5f7de31dfaa0 (13 bytes)
1747243807.961438 sending message 112 to peer 0x5f7de31dfaa0 (8 bytes)
1747243807.961442 sending message 112 to peer 0x5f7de31dfaa0 (11 bytes)
1747243807.961447 sending message 112 to peer 0x5f7de31dfaa0 (11 bytes)
1747243807.961451 sending message 112 to peer 0x5f7de31dfaa0 (11 bytes)
1747243807.961455 sending message 112 to peer 0x5f7de31dfaa0 (12 bytes)
1747243807.961460 sending message 112 to peer 0x5f7de31dfaa0 (12 bytes)
1747243807.961464 sending message 112 to peer 0x5f7de31dfaa0 (12 bytes)
1747243807.961468 sending message 112 to peer 0x5f7de31dfaa0 (12 bytes)
1747243807.961473 sending message 112 to peer 0x5f7de31dfaa0 (13 bytes)
1747243807.961477 sending message 112 to peer 0x5f7de31dfaa0 (13 bytes)
1747243807.961481 sending message 112 to peer 0x5f7de31dfaa0 (13 bytes)
1747243807.961486 sending message 112 to peer 0x5f7de31dfaa0 (8 bytes)
1747243807.961490 sending message 112 to peer 0x5f7de31dfaa0 (13 bytes)
1747243807.961494 sending message 112 to peer 0x5f7de31dfaa0 (13 bytes)
1747243807.961499 sending message 112 to peer 0x5f7de31dfaa0 (13 bytes)
1747243807.961503 sending message 112 to peer 0x5f7de31dfaa0 (13 bytes)
1747243807.961507 sending message 112 to peer 0x5f7de31dfaa0 (13 bytes)
1747243807.961512 sending message 112 to peer 0x5f7de31dfaa0 (12 bytes)
1747243807.961516 sending message 112 to peer 0x5f7de31dfaa0 (12 bytes)
1747243807.961520 sending message 112 to peer 0x5f7de31dfaa0 (12 bytes)
1747243807.961525 sending message 112 to peer 0x5f7de31dfaa0 (12 bytes)
1747243807.961529 sending message 112 to peer 0x5f7de31dfaa0 (13 bytes)
1747243807.961533 sending message 112 to peer 0x5f7de31dfaa0 (8 bytes)
1747243807.961538 sending message 112 to peer 0x5f7de31dfaa0 (13 bytes)
1747243807.961542 sending message 112 to peer 0x5f7de31dfaa0 (13 bytes)
1747243807.961546 sending message 112 to peer 0x5f7de31dfaa0 (13 bytes)
1747243807.961551 sending message 112 to peer 0x5f7de31dfaa0 (13 bytes)
1747243807.961555 sending message 112 to peer 0x5f7de31dfaa0 (13 bytes)
1747243807.961559 sending message 112 to peer 0x5f7de31dfaa0 (13 bytes)
1747243807.961564 sending message 112 to peer 0x5f7de31dfaa0 (13 bytes)
1747243807.961568 sending message 112 to peer 0x5f7de31dfaa0 (12 bytes)
1747243807.961572 sending message 112 to peer 0x5f7de31dfaa0 (12 bytes)
1747243807.961577 sending message 112 to peer 0x5f7de31dfaa0 (12 bytes)
1747243807.961581 sending message 112 to peer 0x5f7de31dfaa0 (8 bytes)
1747243807.961585 sending message 112 to peer 0x5f7de31dfaa0 (12 bytes)
1747243807.961593 sending message 112 to peer 0x5f7de31dfaa0 (13 bytes)
1747243807.961598 sending message 112 to peer 0x5f7de31dfaa0 (13 bytes)
1747243807.961603 sending message 112 to peer 0x5f7de31dfaa0 (13 bytes)
1747243807.961607 sending message 112 to peer 0x5f7de31dfaa0 (13 bytes)
1747243807.961611 sending message 112 to peer 0x5f7de31dfaa0 (13 bytes)
1747243807.961616 sending message 112 to peer 0x5f7de31dfaa0 (13 bytes)
1747243807.961620 sending message 112 to peer 0x5f7de31dfaa0 (13 bytes)
1747243807.961624 sending message 112 to peer 0x5f7de31dfaa0 (13 bytes)
1747243807.961629 sending message 112 to peer 0x5f7de31dfaa0 (12 bytes)
1747243807.961633 sending message 112 to peer 0x5f7de31dfaa0 (10 bytes)
1747243807.961637 sending message 112 to peer 0x5f7de31dfaa0 (12 bytes)
1747243807.961642 sending message 112 to peer 0x5f7de31dfaa0 (12 bytes)
1747243807.961646 sending message 112 to peer 0x5f7de31dfaa0 (12 bytes)
1747243807.961650 sending message 112 to peer 0x5f7de31dfaa0 (13 bytes)
1747243807.961655 sending message 112 to peer 0x5f7de31dfaa0 (13 bytes)
1747243807.961659 sending message 112 to peer 0x5f7de31dfaa0 (13 bytes)
1747243807.961663 sending message 112 to peer 0x5f7de31dfaa0 (13 bytes)
1747243807.961668 sending message 112 to peer 0x5f7de31dfaa0 (13 bytes)
1747243807.961672 sending message 112 to peer 0x5f7de31dfaa0 (13 bytes)
1747243807.961676 sending message 112 to peer 0x5f7de31dfaa0 (13 bytes)
1747243807.961681 sending message 112 to peer 0x5f7de31dfaa0 (10 bytes)
1747243807.961685 sending message 112 to peer 0x5f7de31dfaa0 (13 bytes)
1747243807.961689 sending message 112 to peer 0x5f7de31dfaa0 (12 bytes)
1747243807.961694 sending message 112 to peer 0x5f7de31dfaa0 (12 bytes)
1747243807.961698 sending message 112 to peer 0x5f7de31dfaa0 (12 bytes)
1747243807.961702 sending message 112 to peer 0x5f7de31dfaa0 (10 bytes)
1747243807.961707 sending message 112 to peer 0x5f7de31dfaa0 (10 bytes)
1747243807.961711 sending message 112 to peer 0x5f7de31dfaa0 (10 bytes)
1747243807.961715 sending message 112 to peer 0x5f7de31dfaa0 (12 bytes)
1747243807.961720 sending message 112 to peer 0x5f7de31dfaa0 (13 bytes)
1747243807.961724 sending message 112 to peer 0x5f7de31dfaa0 (13 bytes)
1747243807.961728 sending message 112 to peer 0x5f7de31dfaa0 (13 bytes)
1747243807.961733 sending message 112 to peer 0x5f7de31dfaa0 (13 bytes)
1747243807.961737 sending message 112 to peer 0x5f7de31dfaa0 (13 bytes)
1747243807.961741 sending message 112 to peer 0x5f7de31dfaa0 (11 bytes)
1747243807.961745 sending message 112 to peer 0x5f7de31dfaa0 (11 bytes)
1747243807.961750 sending message 112 to peer 0x5f7de31dfaa0 (12 bytes)
1747243807.961754 sending message 112 to peer 0x5f7de31dfaa0 (12 bytes)
1747243807.961758 sending message 112 to peer 0x5f7de31dfaa0 (12 bytes)
1747243807.961763 sending message 112 to peer 0x5f7de31dfaa0 (12 bytes)
1747243807.961767 sending message 112 to peer 0x5f7de31dfaa0 (12 bytes)
1747243807.961771 sending message 112 to peer 0x5f7de31dfaa0 (11 bytes)
1747243807.961776 sending message 112 to peer 0x5f7de31dfaa0 (12 bytes)
1747243807.961780 sending message 112 to peer 0x5f7de31dfaa0 (12 bytes)
1747243807.961784 sending message 112 to peer 0x5f7de31dfaa0 (13 bytes)
1747243807.961789 sending message 112 to peer 0x5f7de31dfaa0 (13 bytes)
1747243807.961793 sending message 112 to peer 0x5f7de31dfaa0 (13 bytes)
1747243807.961797 sending message 112 to peer 0x5f7de31dfaa0 (13 bytes)
1747243807.961801 sending message 112 to peer 0x5f7de31dfaa0 (13 bytes)
1747243807.961806 sending message 112 to peer 0x5f7de31dfaa0 (10 bytes)
1747243807.961810 sending message 112 to peer 0x5f7de31dfaa0 (9 bytes)
1747243807.961814 sending message 112 to peer 0x5f7de31dfaa0 (12 bytes)
1747243807.961819 sending message 112 to peer 0x5f7de31dfaa0 (13 bytes)
1747243807.961823 sending message 112 to peer 0x5f7de31dfaa0 (13 bytes)
1747243807.961827 sending message 112 to peer 0x5f7de31dfaa0 (13 bytes)
1747243807.961832 sending message 112 to peer 0x5f7de31dfaa0 (13 bytes)
1747243807.961836 sending message 112 to peer 0x5f7de31dfaa0 (13 bytes)
1747243807.961843 sending message 112 to peer 0x5f7de31dfaa0 (9 bytes)
1747243807.961849 sending message 112 to peer 0x5f7de31dfaa0 (12 bytes)
1747243807.961853 sending message 112 to peer 0x5f7de31dfaa0 (13 bytes)
1747243807.961858 sending message 112 to peer 0x5f7de31dfaa0 (13 bytes)
1747243807.961862 sending message 112 to peer 0x5f7de31dfaa0 (13 bytes)
1747243807.961866 sending message 112 to peer 0x5f7de31dfaa0 (13 bytes)
1747243807.961871 sending message 112 to peer 0x5f7de31dfaa0 (13 bytes)
1747243807.961875 sending message 112 to peer 0x5f7de31dfaa0 (11 bytes)
1747243807.961879 sending message 112 to peer 0x5f7de31dfaa0 (12 bytes)
1747243807.961884 sending message 112 to peer 0x5f7de31dfaa0 (13 bytes)
1747243807.961888 sending message 112 to peer 0x5f7de31dfaa0 (13 bytes)
1747243807.961892 sending message 112 to peer 0x5f7de31dfaa0 (13 bytes)
1747243807.961897 sending message 112 to peer 0x5f7de31dfaa0 (13 bytes)
1747243807.961901 sending message 112 to peer 0x5f7de31dfaa0 (13 bytes)
1747243807.961905 sending message 112 to peer 0x5f7de31dfaa0 (11 bytes)
1747243807.961910 sending message 112 to peer 0x5f7de31dfaa0 (12 bytes)
1747243807.961914 sending message 112 to peer 0x5f7de31dfaa0 (12 bytes)
1747243807.961918 sending message 112 to peer 0x5f7de31dfaa0 (12 bytes)
1747243807.961923 sending message 112 to peer 0x5f7de31dfaa0 (12 bytes)
1747243807.961927 sending message 112 to peer 0x5f7de31dfaa0 (12 bytes)
1747243807.961931 sending message 112 to peer 0x5f7de31dfaa0 (21 bytes)
1747243807.961936 sending message 112 to peer 0x5f7de31dfaa0 (12 bytes)
1747243807.961940 sending message 112 to peer 0x5f7de31dfaa0 (9 bytes)
1747243807.961944 sending message 112 to peer 0x5f7de31dfaa0 (6 bytes)
1747243807.961949 sending message 112 to peer 0x5f7de31dfaa0 (13 bytes)
1747243807.961953 sending message 112 to peer 0x5f7de31dfaa0 (8 bytes)
1747243807.961958 sending message 112 to peer 0x5f7de31dfaa0 (15 bytes)
1747243807.961962 sending message 112 to peer 0x5f7de31dfaa0 (13 bytes)
1747243807.961967 sending message 112 to peer 0x5f7de31dfaa0 (9 bytes)
1747243807.961971 sending message 112 to peer 0x5f7de31dfaa0 (70 bytes)
1747243807.961975 sending message 112 to peer 0x5f7de31dfaa0 (69 bytes)
1747243807.961980 sending message 112 to peer 0x5f7de31dfaa0 (10 bytes)
1747243807.961984 sending message 112 to peer 0x5f7de31dfaa0 (10 bytes)
1747243807.961989 sending message 112 to peer 0x5f7de31dfaa0 (8 bytes)
1747243807.961993 sending message 112 to peer 0x5f7de31dfaa0 (15 bytes)
1747243807.961997 sending message 112 to peer 0x5f7de31dfaa0 (13 bytes)
1747243807.962002 sending message 112 to peer 0x5f7de31dfaa0 (10 bytes)
1747243807.962006 sending message 112 to peer 0x5f7de31dfaa0 (10 bytes)
1747243807.962010 sending message 112 to peer 0x5f7de31dfaa0 (17 bytes)
1747243807.962015 sending message 112 to peer 0x5f7de31dfaa0 (10 bytes)
1747243807.962019 sending message 112 to peer 0x5f7de31dfaa0 (13 bytes)
1747243807.962023 sending message 112 to peer 0x5f7de31dfaa0 (9 bytes)
1747243807.962028 sending message 112 to peer 0x5f7de31dfaa0 (5 bytes)
1747243807.962032 sending message 112 to peer 0x5f7de31dfaa0 (15 bytes)
1747243807.962038 sending message 104 to peer 0x5f7de31dfaa0 (0 bytes)
1747243807.962049 sending message 110 to peer 0x5f7de31dfaa0 (0 bytes)
1747243807.962055 sending message 107 to peer 0x5f7de31dfaa0 (4 bytes)
1747243807.962060 sending message 105 to peer 0x5f7de31dfaa0 (20 bytes)
1747243807.962064 sending message 105 to peer 0x5f7de31dfaa0 (54 bytes)
1747243807.962068 sending message 105 to peer 0x5f7de31dfaa0 (50 bytes)
1747243807.962073 sending message 105 to peer 0x5f7de31dfaa0 (11 bytes)
1747243807.962077 sending message 105 to peer 0x5f7de31dfaa0 (17 bytes)
1747243807.962082 sending message 105 to peer 0x5f7de31dfaa0 (19 bytes)
1747243807.962086 sending message 105 to peer 0x5f7de31dfaa0 (22 bytes)
1747243807.962091 sending message 105 to peer 0x5f7de31dfaa0 (91 bytes)
1747243807.962095 sending message 105 to peer 0x5f7de31dfaa0 (38 bytes)
1747243807.962100 sending message 105 to peer 0x5f7de31dfaa0 (14 bytes)
1747243807.962107 sending message 105 to peer 0x5f7de31dfaa0 (60 bytes)
1747243807.962113 sending message 105 to peer 0x5f7de31dfaa0 (18 bytes)
1747243807.962118 sending message 105 to peer 0x5f7de31dfaa0 (17 bytes)
1747243807.962122 sending message 105 to peer 0x5f7de31dfaa0 (14 bytes)
1747243807.962127 sending message 105 to peer 0x5f7de31dfaa0 (32 bytes)
1747243807.962131 sending message 105 to peer 0x5f7de31dfaa0 (1917 bytes)
1747243807.962146 sending message 105 to peer 0x5f7de31dfaa0 (27 bytes)
1747243807.962151 sending message 105 to peer 0x5f7de31dfaa0 (15 bytes)
1747243807.962155 sending message 105 to peer 0x5f7de31dfaa0 (21 bytes)
1747243807.962159 sending message 105 to peer 0x5f7de31dfaa0 (28 bytes)
1747243807.962164 sending message 105 to peer 0x5f7de31dfaa0 (11 bytes)
1747243807.962168 sending message 105 to peer 0x5f7de31dfaa0 (104 bytes)
1747243807.962173 sending message 105 to peer 0x5f7de31dfaa0 (40 bytes)
1747243807.962177 sending message 105 to peer 0x5f7de31dfaa0 (15 bytes)
1747243807.962182 sending message 105 to peer 0x5f7de31dfaa0 (8 bytes)
1747243807.962186 sending message 105 to peer 0x5f7de31dfaa0 (19 bytes)
1747243807.962190 sending message 105 to peer 0x5f7de31dfaa0 (33 bytes)
1747243807.962195 sending message 105 to peer 0x5f7de31dfaa0 (18 bytes)
1747243807.962199 sending message 105 to peer 0x5f7de31dfaa0 (26 bytes)
1747243807.962203 sending message 105 to peer 0x5f7de31dfaa0 (34 bytes)
1747243807.962208 sending message 105 to peer 0x5f7de31dfaa0 (14 bytes)
1747243807.962212 sending message 105 to peer 0x5f7de31dfaa0 (11 bytes)
1747243807.962216 sending message 105 to peer 0x5f7de31dfaa0 (26 bytes)
1747243807.962221 sending message 105 to peer 0x5f7de31dfaa0 (16 bytes)
1747243807.962225 sending message 105 to peer 0x5f7de31dfaa0 (20 bytes)
1747243807.962229 sending message 105 to peer 0x5f7de31dfaa0 (29 bytes)
1747243807.962234 sending message 105 to peer 0x5f7de31dfaa0 (31 bytes)
1747243807.962238 sending message 105 to peer 0x5f7de31dfaa0 (15 bytes)
1747243807.962243 sending message 105 to peer 0x5f7de31dfaa0 (23 bytes)
1747243807.962247 sending message 105 to peer 0x5f7de31dfaa0 (17 bytes)
1747243807.962251 sending message 105 to peer 0x5f7de31dfaa0 (25 bytes)
1747243807.962256 sending message 105 to peer 0x5f7de31dfaa0 (11 bytes)
1747243807.962260 sending message 105 to peer 0x5f7de31dfaa0 (27 bytes)
1747243807.962264 sending message 105 to peer 0x5f7de31dfaa0 (16 bytes)
1747243807.962269 sending message 105 to peer 0x5f7de31dfaa0 (30 bytes)
1747243807.962273 sending message 106 to peer 0x5f7de31dfaa0 (0 bytes)
1747243807.962320 sending message 200 to peer 0x5f7de31dfaa0 (4 bytes)
1747243807.962325 client loop enter
1747243807.964390 peer 0x5f7de31dfaa0 message 303
1747243807.964401 open write file 2 -
1747243807.964411 sending message 305 to peer 0x5f7de31dfaa0 (8 bytes)
1747243807.964427 write check file 2
1747243807.964665 peer 0x5f7de31dfaa0 message 304
1747243807.964676 write 58 to file 2
1747243807.964682 peer 0x5f7de31dfaa0 message 203
1747243807.964687 file 2 58 bytes left
1747243807.964702 write check file 2
1747243807.964707 client loop exit
